{"C:\\Users\\Sebastian L L\\Documents\\DEV\\REACT\\aprendiendo_react\\src\\docs\\InitWithReact.tsx": {"path":"C:\\Users\\Sebastian L L\\Documents\\DEV\\REACT\\aprendiendo_react\\src\\docs\\InitWithReact.tsx","statementMap":{"0":{"start":{"line":6,"column":13},"end":{"line":6,"column":null}},"1":{"start":{"line":7,"column":17},"end":{"line":7,"column":null}},"2":{"start":{"line":15,"column":24},"end":{"line":21,"column":null}},"3":{"start":{"line":28,"column":19},"end":{"line":28,"column":null}}},"fnMap":{"0":{"name":"InitWithReact","decl":{"start":{"line":8,"column":16},"end":{"line":8,"column":null}},"loc":{"start":{"line":8,"column":16},"end":{"line":62,"column":null}},"line":8}},"branchMap":{},"s":{"0":1,"1":1,"2":2,"3":2},"f":{"0":2},"b":{},"meta":{"lastBranch":0,"lastFunction":1,"lastStatement":4,"seen":{"s:6:13:6:Infinity":0,"s:7:17:7:Infinity":1,"f:8:16:8:Infinity":0,"s:15:24:21:Infinity":2,"s:28:19:28:Infinity":3}}}
,"C:\\Users\\Sebastian L L\\Documents\\DEV\\REACT\\aprendiendo_react\\src\\docs\\helpers\\math.helper.ts": {"path":"C:\\Users\\Sebastian L L\\Documents\\DEV\\REACT\\aprendiendo_react\\src\\docs\\helpers\\math.helper.ts","statementMap":{"0":{"start":{"line":1,"column":19},"end":{"line":3,"column":null}},"1":{"start":{"line":2,"column":2},"end":{"line":2,"column":null}},"2":{"start":{"line":4,"column":25},"end":{"line":6,"column":null}},"3":{"start":{"line":5,"column":2},"end":{"line":5,"column":null}},"4":{"start":{"line":7,"column":24},"end":{"line":9,"column":null}},"5":{"start":{"line":8,"column":2},"end":{"line":8,"column":null}},"6":{"start":{"line":10,"column":22},"end":{"line":12,"column":null}},"7":{"start":{"line":11,"column":2},"end":{"line":11,"column":null}}},"fnMap":{"0":{"name":"(anonymous_0)","decl":{"start":{"line":1,"column":19},"end":{"line":1,"column":20}},"loc":{"start":{"line":1,"column":31},"end":{"line":3,"column":null}},"line":1},"1":{"name":"(anonymous_1)","decl":{"start":{"line":4,"column":25},"end":{"line":4,"column":26}},"loc":{"start":{"line":4,"column":37},"end":{"line":6,"column":null}},"line":4},"2":{"name":"(anonymous_2)","decl":{"start":{"line":7,"column":24},"end":{"line":7,"column":25}},"loc":{"start":{"line":7,"column":36},"end":{"line":9,"column":null}},"line":7},"3":{"name":"(anonymous_3)","decl":{"start":{"line":10,"column":22},"end":{"line":10,"column":23}},"loc":{"start":{"line":10,"column":34},"end":{"line":12,"column":null}},"line":10}},"branchMap":{},"s":{"0":1,"1":2,"2":1,"3":1,"4":1,"5":1,"6":1,"7":1},"f":{"0":2,"1":1,"2":1,"3":1},"b":{},"meta":{"lastBranch":0,"lastFunction":4,"lastStatement":8,"seen":{"s:1:19:3:Infinity":0,"f:1:19:1:20":0,"s:2:2:2:Infinity":1,"s:4:25:6:Infinity":2,"f:4:25:4:26":1,"s:5:2:5:Infinity":3,"s:7:24:9:Infinity":4,"f:7:24:7:25":2,"s:8:2:8:Infinity":5,"s:10:22:12:Infinity":6,"f:10:22:10:23":3,"s:11:2:11:Infinity":7}}}
,"C:\\Users\\Sebastian L L\\Documents\\DEV\\REACT\\aprendiendo_react\\src\\docs\\shopping-cart\\ItemCounterProduc.tsx": {"path":"C:\\Users\\Sebastian L L\\Documents\\DEV\\REACT\\aprendiendo_react\\src\\docs\\shopping-cart\\ItemCounterProduc.tsx","statementMap":{"0":{"start":{"line":18,"column":25},"end":{"line":18,"column":null}},"1":{"start":{"line":20,"column":20},"end":{"line":23,"column":null}},"2":{"start":{"line":21,"column":4},"end":{"line":21,"column":null}},"3":{"start":{"line":22,"column":4},"end":{"line":22,"column":null}},"4":{"start":{"line":25,"column":26},"end":{"line":28,"column":null}},"5":{"start":{"line":26,"column":4},"end":{"line":26,"column":null}},"6":{"start":{"line":26,"column":21},"end":{"line":26,"column":null}},"7":{"start":{"line":27,"column":4},"end":{"line":27,"column":null}}},"fnMap":{"0":{"name":"ItemCounterProduc","decl":{"start":{"line":11,"column":16},"end":{"line":11,"column":34}},"loc":{"start":{"line":11,"column":70},"end":{"line":47,"column":null}},"line":11},"1":{"name":"(anonymous_1)","decl":{"start":{"line":20,"column":20},"end":{"line":20,"column":null}},"loc":{"start":{"line":20,"column":20},"end":{"line":23,"column":null}},"line":20},"2":{"name":"(anonymous_2)","decl":{"start":{"line":25,"column":26},"end":{"line":25,"column":null}},"loc":{"start":{"line":25,"column":26},"end":{"line":28,"column":null}},"line":25}},"branchMap":{"0":{"loc":{"start":{"line":11,"column":49},"end":{"line":11,"column":61}},"type":"default-arg","locations":[{"start":{"line":11,"column":60},"end":{"line":11,"column":61}}],"line":11},"1":{"loc":{"start":{"line":26,"column":4},"end":{"line":26,"column":null}},"type":"if","locations":[{"start":{"line":26,"column":4},"end":{"line":26,"column":null}},{"start":{},"end":{}}],"line":26},"2":{"loc":{"start":{"line":39,"column":26},"end":{"line":39,"column":63}},"type":"cond-expr","locations":[{"start":{"line":39,"column":40},"end":{"line":39,"column":51}},{"start":{"line":39,"column":51},"end":{"line":39,"column":63}}],"line":39}},"s":{"0":8,"1":8,"2":1,"3":1,"4":8,"5":2,"6":1,"7":1},"f":{"0":8,"1":1,"2":2},"b":{"0":[8],"1":[1,1],"2":[4,4]},"meta":{"lastBranch":3,"lastFunction":3,"lastStatement":8,"seen":{"f:11:16:11:34":0,"b:11:60:11:61":0,"s:18:25:18:Infinity":0,"s:20:20:23:Infinity":1,"f:20:20:20:Infinity":1,"s:21:4:21:Infinity":2,"s:22:4:22:Infinity":3,"s:25:26:28:Infinity":4,"f:25:26:25:Infinity":2,"b:26:4:26:Infinity:undefined:undefined:undefined:undefined":1,"s:26:4:26:Infinity":5,"s:26:21:26:Infinity":6,"s:27:4:27:Infinity":7,"b:39:40:39:51:39:51:39:63":2}}}
,"C:\\Users\\Sebastian L L\\Documents\\DEV\\REACT\\aprendiendo_react\\src\\docs\\shopping-cart\\ShoppingCart.tsx": {"path":"C:\\Users\\Sebastian L L\\Documents\\DEV\\REACT\\aprendiendo_react\\src\\docs\\shopping-cart\\ShoppingCart.tsx","statementMap":{"0":{"start":{"line":8,"column":37},"end":{"line":12,"column":null}}},"fnMap":{"0":{"name":"ShoppingCart","decl":{"start":{"line":17,"column":16},"end":{"line":17,"column":null}},"loc":{"start":{"line":17,"column":16},"end":{"line":30,"column":null}},"line":17}},"branchMap":{},"s":{"0":1},"f":{"0":2},"b":{},"meta":{"lastBranch":0,"lastFunction":1,"lastStatement":1,"seen":{"s:8:37:12:Infinity":0,"f:17:16:17:Infinity":0}}}
}
